0.410061   0.388397   0.472743
0.193243   0.389402   -0.460776
0.283349   -0.454413   0.258657
0.282533   0.1203   -0.00299047
-0.0580065   0.499678   -0.340634
-0.0708162   0.463709   -0.0581589
-0.330616   -0.0979456   -0.43623
0.401277   -0.115638   -0.115626
-0.0206861   0.172084   0.247233
0.0993161   -0.3296   -0.260584
0.296698   -0.387722   -0.26657
-0.0883069   -0.00182757   0.249066
-0.195066   -0.471728   0.467121
-0.485157   -0.10256   0.379416
-0.227873   0.38373   0.308255
-0.457155   -0.0448222   -0.273643
-0.0636166   0.309229   -0.213309
-0.116175   -0.173619   0.166718
-0.391922   0.049375   -0.0943664
-0.224988   -0.0564806   0.395557
-0.40327   0.380423   -0.309762
-0.329767   -0.26801   0.438061
0.407686   -0.453612   -0.419818
0.350853   -0.124922   0.494202
0.480125   -0.263698   -0.463813
-0.259833   0.195975   0.260152
0.333077   -0.187693   -0.323737
0.00706691   0.128769   -0.167158
0.255178   0.315222   -0.118775
0.139658   0.436128   -0.244849
-0.452452   0.00120435   0.144563
0.198579   -0.302904   0.137675
0.345615   0.225671   -0.405204
-0.341068   -0.1617   0.25092
-0.115497   -0.248775   0.359988
-0.384986   0.248364   0.111723
0.190591   0.349749   0.131618
0.118075   0.0171272   0.0792251
-0.293357   -0.127044   0.0597527
-0.279449   0.107011   -0.492787
0.223508   0.330333   0.334925
0.0725551   0.220348   0.0358352
-0.376663   0.43086   0.433761
0.426162   -0.450006   0.120453
0.224993   -0.293987   -0.0879848
-0.27359   0.330252   -0.102977
0.483726   -0.214826   0.132831
0.0738446   -0.18975   0.439911
0.175117   0.153752   0.205688
0.450294   0.1722   0.184837
-0.228771   -0.345726   0.209222
-0.449479   0.163649   -0.240132
-0.00926421   0.30462   -0.415367
-0.0193494   0.369589   0.150422
-0.0938951   0.141484   0.418238
-0.396555   0.454256   0.0252627
0.41455   -0.346293   -0.0716966
-0.0806123   -0.0356714   0.00225902
-0.0741972   -0.118942   -0.411784
0.25863   -0.25516   0.362955
0.0337864   -0.00456075   0.456295
-0.144631   0.0673302   -0.351848
-0.198421   -0.295508   0.000157713
-0.223969   0.47251   0.0897452
0.098813   -0.105327   0.212612
-0.48693   -0.484916   -0.177517
-0.390563   0.457033   0.243577
-0.131323   -0.299668   -0.216522
0.0538934   -0.291748   0.26472
0.147513   -0.141008   -0.374385
0.135693   -0.0910454   -0.101198
-0.0518219   -0.332475   -0.443014
0.152319   0.182146   0.435344
-0.484815   -0.294141   -0.272007
0.00129896   -0.240174   -0.0606959
0.361347   0.116387   -0.195997
-0.0951627   -0.0642138   -0.203705
-0.211782   0.307815   0.493756
0.0314101   0.489869   0.476877
0.280423   0.0249734   -0.342156
-0.212221   0.105188   -0.163354
-0.278779   0.214372   -0.326574
0.178905   0.257301   -0.30788
-0.284701   -0.448818   -0.10987
-0.0876908   -0.447723   0.294422
-0.260343   -0.285823   -0.37824
-0.23289   0.0672239   0.110732
-0.143845   0.269809   0.0456989
0.473883   0.158914   -0.0126413
0.399273   0.369825   -0.29548
-0.447445   0.271108   0.349349
0.0880367   -0.473926   0.219794
0.191955   -0.385436   -0.451279
0.372332   0.350916   0.0391208
-0.491326   0.325098   -0.139842
0.159342   -0.499944   -0.000580406
0.292597   -0.0914079   0.0687355
-0.0412346   -0.425992   0.0930531
-0.409965   -0.268021   -0.0121598
-0.427757   0.225017   -0.445523
-0.332554   -0.206606   -0.204916
0.0971905   0.0783245   -0.371565
0.457559   0.0779082   -0.486108
-0.0190817   0.32275   0.368724
-0.400265   0.0772475   0.323689
-0.39526   -0.435446   -0.442579
-0.477213   -0.357831   0.290672
0.350439   0.0546324   0.339853
