1.11832   -1.54909   -0.70716
0.105225   1.10589   -0.440142
0.0233903   -0.929217   0.412192
1.78469   0.0895885   0.0172311
-0.238084   0.0813085   -2.19485
-2.13845   0.110716   0.51638
0.03833   -0.831412   1.33356
0.830382   0.407139   0.336674
0.236523   0.256865   -0.228647
0.408603   -0.103031   -0.0414636
-0.306073   -2.26914   0.802666
1.15843   0.485747   -2.14998
1.92292   1.25258   2.32421
1.1848   0.106828   0.118152
-0.72832   -0.883003   1.00401
-1.16714   1.09463   1.07408
0.50663   -1.42795   0.817529
0.169616   -0.745888   2.12443
-0.788408   1.72413   0.341424
0.0463142   0.431625   1.94088
1.43481   -0.299933   1.35075
-1.99753   -0.0603185   -0.576145
0.225463   0.459344   -0.516675
-0.382581   0.347839   1.96083
2.14642   0.902462   -1.27314
0.113107   0.199874   0.300535
0.350075   1.59274   -1.34968
-0.540198   -0.0661066   1.27862
1.26793   0.24841   -0.936035
-0.714341   0.961254   -0.125859
-1.71347   0.463182   -1.50832
0.429244   -0.610774   0.933596
0.101261   -1.17972   -0.110601
-0.292217   0.0434724   -1.7089
0.599771   -0.353026   0.792206
1.55984   0.576035   -1.35951
-0.342792   0.401102   -0.422493
0.443235   2.53716   0.337602
-0.295387   -2.02771   0.835083
-0.54039   -0.356014   2.53366
0.92384   -1.49324   1.00765
-1.13309   0.159043   0.499863
-0.740012   -0.0436594   -0.970961
0.031201   -1.34037   0.476997
-0.815023   0.0200278   0.26681
0.597604   0.435735   0.26766
1.27588   -1.34723   -0.943178
-2.70393   0.157248   0.281974
-0.7295   0.726554   -1.14079
0.584987   -0.993316   0.0870853
-0.509851   1.98135   -0.758174
-1.2876   0.484176   -0.490682
-0.343847   -0.851246   -0.516811
-0.210465   -0.360693   -0.8339
1.27283   0.310359   -0.72033
-0.474161   0.551333   0.528616
1.762   -0.767602   0.453912
-1.08034   1.1076   -0.843165
0.317917   -0.458353   -0.85769
-1.17293   0.947422   0.37556
-0.0536065   0.0177177   -1.13633
-1.37073   2.34149   -0.72297
0.626023   1.12082   -0.00478634
0.213456   -2.2992   -1.17097
0.624526   0.772697   -0.449924
-0.85432   -0.404171   -1.28073
0.684739   -0.95057   0.39216
0.489361   -0.947788   -0.350148
-0.917528   -0.149039   -0.0286637
0.630581   -0.494638   1.25542
-0.294426   1.8333   -0.467905
-0.244446   0.369518   -0.395564
-1.16064   -0.0959111   0.138547
1.93304   0.504616   -0.545971
-0.806518   -1.21128   0.367662
-0.182875   0.0611453   0.153505
-0.511868   2.60526   -0.256643
-0.443894   0.387069   -1.72159
0.0193516   -0.433656   1.04434
-2.02039   -1.05449   0.00813858
1.19333   -0.469148   0.17156
-0.606037   -0.81986   1.36601
-0.0792592   0.181698   1.01603
-1.63467   0.0891843   0.0942337
-2.57894   0.877836   0.958429
0.327385   -0.369639   -1.17127
-1.4238   2.20986   -0.608021
0.0974084   -0.47844   -0.712399
0.547825   0.572655   0.325596
-0.0221013   -0.933044   -0.416317
-0.390226   -0.511589   0.718072
1.69475   1.40541   -0.194797
0.458772   -0.926227   0.696335
0.136509   0.384034   -0.561988
1.53252   0.508216   0.657571
-0.954162   0.302417   -0.186157
0.116255   0.146809   -0.20857
2.00347   -0.654671   -0.0287895
-0.460059   -0.828403   0.579403
0.400414   -0.502355   0.975769
-1.04143   1.60023   0.623625
1.41299   -1.14184   1.20313
0.383031   0.41667   1.10184
-1.03302   -0.909582   0.0458721
1.97892   -1.8444   -0.224828
-0.0356443   -0.715326   -1.38268
-0.361214   -1.87868   -3.07914
0.391651   0.902548   -0.59325
