0.482316   -0.156879   0.097979
-0.149911   0.185   0.0329419
-0.0485728   0.204149   0.260452
0.161317   0.212256   -0.460928
-0.437236   -0.293276   -0.187682
-0.0195439   -0.193853   -0.127001
0.228972   0.456785   0.128295
-0.3208   0.114997   0.128656
-0.465673   0.459559   0.101189
-0.433995   -0.200722   -0.0828208
0.00349547   -0.24752   -0.279376
-0.307777   0.214816   0.299215
-0.0794719   -0.233709   0.322038
0.300982   -0.168201   -0.204811
0.311809   0.440096   -0.206765
0.335909   -0.347787   -0.165169
0.27233   0.0623633   0.129895
0.488976   0.0809571   0.0739749
0.33219   -0.332763   -0.462876
-0.368454   0.391037   0.366893
-0.325803   0.381423   0.216313
0.0755345   -0.324522   -0.375247
0.363535   0.27956   -0.039167
-0.487079   -0.104585   0.43305
0.482686   -0.454971   -0.32426
-0.330288   0.110153   0.348605
-0.402181   0.0385738   -0.489557
-0.388757   -0.221232   -0.305532
-0.280496   -0.441514   -0.150598
0.404409   0.0688636   0.0842803
0.149237   -0.0838464   0.49728
0.29896   -0.254084   -0.101154
-0.409806   -0.0662909   0.283375
-0.0509299   -0.184206   -0.311895
-0.0321978   -0.447416   0.217097
0.0734149   -0.295551   -0.119655
-0.382308   0.166265   0.0105078
-0.33957   0.311588   0.244026
-0.455266   0.0814864   0.314367
0.48533   0.140445   -0.445286
0.231223   -0.494256   0.0703552
-0.386899   -0.156081   -0.436786
-0.143807   0.416039   0.39799
0.428055   -0.244488   -0.23142
-0.107119   -0.239713   -0.153448
-0.366792   -0.0304845   -0.170083
0.496622   -0.343814   -0.184385
-0.201371   0.243363   -0.240968
0.297528   -0.491321   0.0212357
-0.404027   -0.0747128   -0.395535
0.00363494   0.10145   -0.057557
-0.25212   -0.108285   0.472774
0.120805   -0.115817   -0.361496
0.339645   0.182967   -0.352887
0.165532   -0.0311254   0.19681
0.290681   0.362664   -0.177531
-0.263685   0.362745   0.39039
-0.0495028   -0.0693755   -0.0438433
0.426538   -0.128155   -0.226334
0.187255   -0.299775   0.247762
0.300942   0.364014   -0.438643
-0.0902129   -0.431576   -0.316547
0.304928   0.117787   0.052227
0.413006   -0.329362   -0.219843
0.125618   -0.0270052   0.428297
0.412053   0.315439   -0.359452
-0.408032   0.114844   -0.330893
-0.0515547   -0.0149774   0.214416
0.486737   -0.379293   0.315576
0.00524596   -0.285124   0.155839
-0.275943   0.377747   0.306167
0.193205   0.428942   -0.188885
-0.414639   -0.483386   0.0719275
0.276097   -0.153612   -0.298192
-0.41577   -0.472282   -0.0172817
0.21964   -0.0940373   0.11095
-0.240455   0.105935   0.354561
-0.294637   0.0442891   -0.353801
-0.372352   -0.133522   -0.352405
0.457713   0.332901   0.33781
-0.280901   0.23474   -0.0575676
0.367353   -0.284568   -0.313913
0.0645482   -0.193883   -0.155908
0.169855   -0.000690218   -0.0392084
-0.454517   -0.118747   0.0559974
0.10024   -0.134267   -0.45055
-0.323186   -0.40473   0.0494674
0.0307178   -0.0680154   -0.124483
0.440475   -0.0909264   0.0262283
0.323759   0.307672   -0.112148
-0.47678   0.176636   0.451336
-0.00297189   0.176834   0.00413335
-0.257411   -0.197999   -0.406367
-0.400635   0.456377   0.160769
-0.377851   -0.152484   0.10402
0.138755   0.28769   -0.382937
-0.386225   -0.279488   0.470461
0.0164405   0.365761   -0.0852387
-0.109329   0.19539   -0.455062
0.104373   0.334163   -0.0836466
0.265168   0.164759   -0.418648
-0.226153   0.251459   -0.130991
0.452037   -0.377292   0.193324
-0.349078   0.217905   0.392717
0.0883397   -0.270901   -0.29556
-0.473272   0.173867   0.322308
0.329092   0.0740927   -0.153845
0.0490844   -0.430931   0.447987
