-1.21849   1.30431   1.09588
0.922264   1.41049   -0.639588
-0.280812   -0.819783   1.12821
0.404241   -0.460453   -0.473595
0.00723344   -1.58952   -0.172132
1.00773   -0.770574   1.7994
-1.594   -1.95275   0.21464
2.29866   -1.07728   0.848781
0.104804   -0.8639   0.721764
0.369997   -0.647133   2.5545
0.16349   0.000214407   -1.18069
-1.97666   1.11517   0.85162
0.178558   1.08221   0.366606
1.3413   1.60571   -1.17247
-0.351223   -0.224775   0.930692
-0.860217   -0.00142261   -0.219741
-0.508439   1.20023   0.0314071
-0.718384   0.122198   -1.61412
1.57379   -0.37017   -0.039467
-1.41998   -1.44338   -1.1619
0.201866   0.208921   0.805816
0.677046   0.384986   1.39713
-1.09967   -0.4175   -1.15578
-0.811247   0.510766   0.405945
-1.41459   1.15458   -0.517739
-0.707113   -0.26155   3.07233
-1.64894   0.101376   -1.10673
-0.663243   1.92394   -0.558631
0.420053   1.85624   0.47775
-0.373223   -0.71596   0.863268
-1.10349   0.65462   0.940525
-1.42798   0.0526475   1.52232
0.561356   1.25151   -1.2766
1.12871   0.39264   0.0729706
2.22973   1.56787   -0.617517
0.184658   1.23057   0.924276
-0.033549   -0.888867   1.53778
-0.384005   0.905771   -0.505802
-0.586986   0.677225   -1.49339
0.201436   -0.443733   1.01654
-0.111451   2.13737   -0.935332
1.03237   -0.729247   -0.771175
-0.32846   0.470804   -0.0805737
-0.481372   0.478566   -1.11312
-0.165465   -0.545615   -1.61138
-0.378794   -1.53692   -0.699651
0.492658   1.66795   0.549595
-2.37244   0.269748   0.842247
3.82187   -0.331306   -0.566438
-0.629362   -0.919279   0.341077
-0.338359   0.558228   -0.235188
0.939582   -0.672691   -0.693802
-0.448894   -0.456473   -1.84971
-0.95963   -1.69331   0.614773
1.90386   -1.1029   -1.87522
0.892852   0.238283   -1.70784
0.777921   -0.229984   1.50165
-1.788   -0.958182   2.03857
-0.276565   -0.169135   0.8799
0.214801   1.4087   1.21019
-1.95234   1.08136   0.0906369
-0.67013   1.33072   -1.16837
-0.491601   0.376307   -2.12236
-0.504157   -1.25005   1.35811
1.21863   1.39787   1.09982
2.26829   1.15974   -0.884888
0.752799   1.63006   0.615885
-1.4744   -0.46896   -0.81658
-0.0030519   0.610781   -0.0807447
0.534149   -0.59288   -0.383864
0.473834   1.3792   -1.63245
-0.000608311   1.63886   -1.06545
0.501032   -0.629647   -0.510119
0.760826   -0.921701   0.565166
1.4184   0.254936   0.955936
1.78843   0.331042   -0.0921007
-2.2639   -0.770143   1.35961
-0.33472   0.0541996   0.25041
-0.237068   -0.726556   -0.251631
1.39696   -0.629183   -1.05243
0.862033   -0.693036   -0.0588155
0.115085   0.326883   0.212861
-1.11789   -1.65729   0.0809023
0.252472   -1.97967   0.718018
-1.13963   -0.117505   0.298366
-1.55908   -3.07423   -0.308572
1.43294   0.00192501   -1.62349
1.17034   0.390428   -2.06688
0.859687   2.34265   0.512555
-0.76182   -0.561358   0.00984229
-0.0193675   0.411013   -1.78887
-2.54936   1.62977   0.809575
1.09823   -2.06539   0.860609
-1.02692   -0.509544   -2.30084
0.127848   0.80754   0.515956
2.12413   -0.267781   0.154403
0.0282633   -1.92   -0.524738
0.237345   -1.6081   -0.637097
-1.14022   1.14551   -0.211717
0.64032   -0.626948   0.391348
-1.33924   -2.98608   3.43626
-0.699196   -0.19259   1.29596
-1.37492   0.657447   0.780691
-0.540481   0.0940325   0.179226
0.954793   1.30902   -0.182445
1.35787   -0.60152   0.375738
1.31328   -0.841158   -1.06643
0.920348   -0.320036   -1.60983
